Using pre-set license
Built from '2020.3/staging' branch; Version is '2020.3.8f1 (507919d4fff5) revision 5273881'; Using compiler version '192528614'; Build Type 'Release'
OS: 'Windows 10 Pro; OS build 19042.985; Version 2009; 64bit' Language: 'en' Physical Memory: 24515 MB
BatchMode: 1, IsHumanControllingUs: 0, StartBugReporterOnCrash: 0, Is64bit: 1, IsPro: 0

 COMMAND LINE ARGUMENTS:
C:\Program Files\Unity\Hub\Editor\2020.3.8f1\Editor\Unity.exe
-adb2
-batchMode
-noUpm
-name
AssetImportWorker0
-projectPath
C:/Users/Freddie/Documents/Unity Projects/Multiverse-Mayhem
-logFile
Logs/AssetImportWorker0.log
-srvPort
6518
Successfully changed project path to: C:/Users/Freddie/Documents/Unity Projects/Multiverse-Mayhem
C:/Users/Freddie/Documents/Unity Projects/Multiverse-Mayhem
Using Asset Import Pipeline V2.
Refreshing native plugins compatible for Editor in 34.93 ms, found 1 plugins.
Preloading 0 native plugins for Editor in 0.00 ms.
Initialize engine version: 2020.3.8f1 (507919d4fff5)
[Subsystems] Discovering subsystems at path C:/Program Files/Unity/Hub/Editor/2020.3.8f1/Editor/Data/Resources/UnitySubsystems
[Subsystems] Discovering subsystems at path C:/Users/Freddie/Documents/Unity Projects/Multiverse-Mayhem/Assets
GfxDevice: creating device client; threaded=0
Direct3D:
    Version:  Direct3D 11.0 [level 11.1]
    Renderer: NVIDIA GeForce RTX 2060 SUPER (ID=0x1f06)
    Vendor:   
    VRAM:     8031 MB
    Driver:   27.21.14.6611
Initialize mono
Mono path[0] = 'C:/Program Files/Unity/Hub/Editor/2020.3.8f1/Editor/Data/Managed'
Mono path[1] = 'C:/Program Files/Unity/Hub/Editor/2020.3.8f1/Editor/Data/MonoBleedingEdge/lib/mono/unityjit'
Mono config path = 'C:/Program Files/Unity/Hub/Editor/2020.3.8f1/Editor/Data/MonoBleedingEdge/etc'
Using monoOptions --debugger-agent=transport=dt_socket,embedding=1,server=y,suspend=n,address=127.0.0.1:56884
Begin MonoManager ReloadAssembly
Registering precompiled unity dll's ...
Register platform support module: C:/Program Files/Unity/Hub/Editor/2020.3.8f1/Editor/Data/PlaybackEngines/WebGLSupport/UnityEditor.WebGL.Extensions.dll
Register platform support module: C:/Program Files/Unity/Hub/Editor/2020.3.8f1/Editor/Data/PlaybackEngines/WindowsStandaloneSupport/UnityEditor.WindowsStandalone.Extensions.dll
Registered in 0.002338 seconds.
Native extension for WindowsStandalone target not found
Native extension for WebGL target not found
Refreshing native plugins compatible for Editor in 34.68 ms, found 1 plugins.
Preloading 0 native plugins for Editor in 0.00 ms.
Mono: successfully reloaded assembly
- Completed reload, in  1.210 seconds
Platform modules already initialized, skipping
Registering precompiled user dll's ...
Registered in 0.001098 seconds.
Begin MonoManager ReloadAssembly
Native extension for WindowsStandalone target not found
Native extension for WebGL target not found
Refreshing native plugins compatible for Editor in 35.89 ms, found 1 plugins.
Preloading 0 native plugins for Editor in 0.00 ms.
Mono: successfully reloaded assembly
- Completed reload, in  0.946 seconds
Platform modules already initialized, skipping
========================================================================
Worker process is ready to serve import requests
Launched and connected shader compiler UnityShaderCompiler.exe after 0.05 seconds
Refreshing native plugins compatible for Editor in 0.39 ms, found 1 plugins.
Preloading 0 native plugins for Editor in 0.00 ms.
Unloading 1839 Unused Serialized files (Serialized files now loaded: 0)
System memory in use before: 87.7 MB.
System memory in use after: 87.7 MB.

Unloading 24 unused Assets to reduce memory usage. Loaded Objects now: 2283.
Total: 2.429700 ms (FindLiveObjects: 0.237000 ms CreateObjectMapping: 0.138200 ms MarkObjects: 1.919900 ms  DeleteObjects: 0.133500 ms)

========================================================================
Received Import Request.
  path: Assets/Materials/Mat_Background.mat
  artifactKey: Guid(98587f3cb7db2774db720203a20d0fea) Importer(815301076,1909f56bfc062723c751e8b465ee728b)
Start importing Assets/Materials/Mat_Background.mat using Guid(98587f3cb7db2774db720203a20d0fea) Importer(815301076,1909f56bfc062723c751e8b465ee728b)  -> (artifact id: 'f6a520c5cf823ebf8f817b5ff95e66fd') in 0.105007 seconds
  Import took 0.108238 seconds .

========================================================================
Received Prepare
Registering precompiled user dll's ...
Registered in 0.000960 seconds.
Begin MonoManager ReloadAssembly
Native extension for WindowsStandalone target not found
Native extension for WebGL target not found
Refreshing native plugins compatible for Editor in 0.34 ms, found 1 plugins.
Preloading 0 native plugins for Editor in 0.00 ms.
Mono: successfully reloaded assembly
- Completed reload, in  0.856 seconds
Platform modules already initialized, skipping
Refreshing native plugins compatible for Editor in 0.37 ms, found 1 plugins.
Preloading 0 native plugins for Editor in 0.00 ms.
Unloading 1821 Unused Serialized files (Serialized files now loaded: 0)
System memory in use before: 89.7 MB.
System memory in use after: 89.7 MB.

Unloading 12 unused Assets to reduce memory usage. Loaded Objects now: 2327.
Total: 2.199600 ms (FindLiveObjects: 0.208600 ms CreateObjectMapping: 0.126400 ms MarkObjects: 1.760500 ms  DeleteObjects: 0.103100 ms)

========================================================================
Received Import Request.
  Time since last request: 223.427564 seconds.
  path: Assets/Scenes/Main Menu.unity
  artifactKey: Guid(206d93be6096b2c438f694bd9651f394) Importer(815301076,1909f56bfc062723c751e8b465ee728b)
Start importing Assets/Scenes/Main Menu.unity using Guid(206d93be6096b2c438f694bd9651f394) Importer(815301076,1909f56bfc062723c751e8b465ee728b)  -> (artifact id: '126be8dedcfc31a5fc0ffb0b172ebcf7') in 0.015458 seconds
  Import took 0.019365 seconds .

========================================================================
Received Prepare
Registering precompiled user dll's ...
Registered in 0.001081 seconds.
Begin MonoManager ReloadAssembly
Native extension for WindowsStandalone target not found
Native extension for WebGL target not found
Refreshing native plugins compatible for Editor in 0.38 ms, found 1 plugins.
Preloading 0 native plugins for Editor in 0.00 ms.
Mono: successfully reloaded assembly
- Completed reload, in  0.849 seconds
Platform modules already initialized, skipping
Refreshing native plugins compatible for Editor in 0.46 ms, found 1 plugins.
Preloading 0 native plugins for Editor in 0.00 ms.
Unloading 1821 Unused Serialized files (Serialized files now loaded: 0)
System memory in use before: 89.7 MB.
System memory in use after: 89.7 MB.

Unloading 12 unused Assets to reduce memory usage. Loaded Objects now: 2331.
Total: 2.235800 ms (FindLiveObjects: 0.221300 ms CreateObjectMapping: 0.120400 ms MarkObjects: 1.783800 ms  DeleteObjects: 0.109000 ms)

========================================================================
Received Import Request.
  Time since last request: 84.122882 seconds.
  path: Assets/Scenes/Game.unity
  artifactKey: Guid(2cda990e2423bbf4892e6590ba056729) Importer(815301076,1909f56bfc062723c751e8b465ee728b)
Start importing Assets/Scenes/Game.unity using Guid(2cda990e2423bbf4892e6590ba056729) Importer(815301076,1909f56bfc062723c751e8b465ee728b)  -> (artifact id: 'b2b6d39c9c93e0beac2252b593fa06fd') in 0.014368 seconds
  Import took 0.017794 seconds .

========================================================================
Received Import Request.
  Time since last request: 74.743917 seconds.
  path: Assets/Scenes/Main Menu.unity
  artifactKey: Guid(206d93be6096b2c438f694bd9651f394) Importer(815301076,1909f56bfc062723c751e8b465ee728b)
Start importing Assets/Scenes/Main Menu.unity using Guid(206d93be6096b2c438f694bd9651f394) Importer(815301076,1909f56bfc062723c751e8b465ee728b)  -> (artifact id: '97d7e74d5fc666b5bbaf3ada86d08fb2') in 0.008804 seconds
  Import took 0.013147 seconds .

========================================================================
Received Prepare
Registering precompiled user dll's ...
Registered in 0.000994 seconds.
Begin MonoManager ReloadAssembly
Native extension for WindowsStandalone target not found
Native extension for WebGL target not found
Refreshing native plugins compatible for Editor in 0.38 ms, found 1 plugins.
Preloading 0 native plugins for Editor in 0.00 ms.
Mono: successfully reloaded assembly
- Completed reload, in  0.863 seconds
Platform modules already initialized, skipping
Refreshing native plugins compatible for Editor in 0.37 ms, found 1 plugins.
Preloading 0 native plugins for Editor in 0.00 ms.
Unloading 1821 Unused Serialized files (Serialized files now loaded: 0)
System memory in use before: 89.8 MB.
System memory in use after: 89.7 MB.

Unloading 12 unused Assets to reduce memory usage. Loaded Objects now: 2335.
Total: 2.155200 ms (FindLiveObjects: 0.212000 ms CreateObjectMapping: 0.118600 ms MarkObjects: 1.720100 ms  DeleteObjects: 0.103500 ms)

========================================================================
Received Import Request.
  Time since last request: 1630.864284 seconds.
  path: Assets/Scenes/Game.unity
  artifactKey: Guid(2cda990e2423bbf4892e6590ba056729) Importer(815301076,1909f56bfc062723c751e8b465ee728b)
Start importing Assets/Scenes/Game.unity using Guid(2cda990e2423bbf4892e6590ba056729) Importer(815301076,1909f56bfc062723c751e8b465ee728b)  -> (artifact id: '26e9cbfce7c9ab689f0ec11dbeab3e7b') in 0.016390 seconds
  Import took 0.020811 seconds .

========================================================================
Received Import Request.
  Time since last request: 8.918748 seconds.
  path: Assets/Aseprite/Sprite-Character.aseprite
  artifactKey: Guid(86f91fcd2d35538418cdc950196aa206) Importer(815301076,1909f56bfc062723c751e8b465ee728b)
Start importing Assets/Aseprite/Sprite-Character.aseprite using Guid(86f91fcd2d35538418cdc950196aa206) Importer(815301076,1909f56bfc062723c751e8b465ee728b)  -> (artifact id: '38702aac19a0b1cb1b4bac46bf8471b3') in 0.083590 seconds
  Import took 0.087196 seconds .

========================================================================
Received Import Request.
  Time since last request: 6.834338 seconds.
  path: Assets/Sprites/Sprite-UIPanel/Sprite-UIPanel_sheet.png
  artifactKey: Guid(541fc51f8eb22014b86e763ad5f092d9) Importer(815301076,1909f56bfc062723c751e8b465ee728b)
Start importing Assets/Sprites/Sprite-UIPanel/Sprite-UIPanel_sheet.png using Guid(541fc51f8eb22014b86e763ad5f092d9) Importer(815301076,1909f56bfc062723c751e8b465ee728b)  -> (artifact id: '559b5ac3ea48758506c89348c6a80fe5') in 0.074235 seconds
  Import took 0.077718 seconds .

========================================================================
Received Prepare
Registering precompiled user dll's ...
Registered in 0.000996 seconds.
Begin MonoManager ReloadAssembly
Native extension for WindowsStandalone target not found
Native extension for WebGL target not found
Refreshing native plugins compatible for Editor in 0.37 ms, found 1 plugins.
Preloading 0 native plugins for Editor in 0.00 ms.
Mono: successfully reloaded assembly
- Completed reload, in  0.860 seconds
Platform modules already initialized, skipping
Refreshing native plugins compatible for Editor in 0.37 ms, found 1 plugins.
Preloading 0 native plugins for Editor in 0.00 ms.
Unloading 1821 Unused Serialized files (Serialized files now loaded: 0)
System memory in use before: 89.8 MB.
System memory in use after: 89.8 MB.

Unloading 12 unused Assets to reduce memory usage. Loaded Objects now: 2346.
Total: 2.354500 ms (FindLiveObjects: 0.213700 ms CreateObjectMapping: 0.122000 ms MarkObjects: 1.913400 ms  DeleteObjects: 0.104400 ms)

========================================================================
Received Prepare
Registering precompiled user dll's ...
Registered in 0.000983 seconds.
Begin MonoManager ReloadAssembly
Native extension for WindowsStandalone target not found
Native extension for WebGL target not found
Refreshing native plugins compatible for Editor in 0.37 ms, found 1 plugins.
Preloading 0 native plugins for Editor in 0.00 ms.
Mono: successfully reloaded assembly
- Completed reload, in  0.822 seconds
Platform modules already initialized, skipping
Refreshing native plugins compatible for Editor in 0.36 ms, found 1 plugins.
Preloading 0 native plugins for Editor in 0.00 ms.
Unloading 1821 Unused Serialized files (Serialized files now loaded: 0)
System memory in use before: 89.8 MB.
System memory in use after: 89.8 MB.

Unloading 12 unused Assets to reduce memory usage. Loaded Objects now: 2350.
Total: 2.444900 ms (FindLiveObjects: 0.256800 ms CreateObjectMapping: 0.303500 ms MarkObjects: 1.776500 ms  DeleteObjects: 0.107500 ms)

========================================================================
Received Import Request.
  Time since last request: 1313.502409 seconds.
  path: Assets/Fonts
  artifactKey: Guid(4cac54a6d981e02448b54745ec0e085a) Importer(815301076,1909f56bfc062723c751e8b465ee728b)
Start importing Assets/Fonts using Guid(4cac54a6d981e02448b54745ec0e085a) Importer(815301076,1909f56bfc062723c751e8b465ee728b)  -> (artifact id: 'fb06fbc41fe65ba285a2b4a9821e8c7e') in 0.016216 seconds
  Import took 0.020586 seconds .

========================================================================
Received Import Request.
  Time since last request: 6.275136 seconds.
  path: Assets/Fonts/VCR_OSD_MONO_1.001.ttf
  artifactKey: Guid(18cd0277f3d978441915de9c0fef42bb) Importer(815301076,1909f56bfc062723c751e8b465ee728b)
Start importing Assets/Fonts/VCR_OSD_MONO_1.001.ttf using Guid(18cd0277f3d978441915de9c0fef42bb) Importer(815301076,1909f56bfc062723c751e8b465ee728b)  -> (artifact id: 'cc5dea0f25b5bd8da823a5468974e17d') in 0.075481 seconds
  Import took 0.078695 seconds .

========================================================================
Received Prepare
Registering precompiled user dll's ...
Registered in 0.000987 seconds.
Begin MonoManager ReloadAssembly
Native extension for WindowsStandalone target not found
Native extension for WebGL target not found
Refreshing native plugins compatible for Editor in 0.36 ms, found 1 plugins.
Preloading 0 native plugins for Editor in 0.00 ms.
Mono: successfully reloaded assembly
- Completed reload, in  0.864 seconds
Platform modules already initialized, skipping
Refreshing native plugins compatible for Editor in 0.41 ms, found 1 plugins.
Preloading 0 native plugins for Editor in 0.00 ms.
Unloading 1821 Unused Serialized files (Serialized files now loaded: 0)
System memory in use before: 89.9 MB.
System memory in use after: 89.9 MB.

Unloading 12 unused Assets to reduce memory usage. Loaded Objects now: 2359.
Total: 2.600000 ms (FindLiveObjects: 0.238900 ms CreateObjectMapping: 0.147800 ms MarkObjects: 2.095100 ms  DeleteObjects: 0.117300 ms)

========================================================================
Received Prepare
Registering precompiled user dll's ...
Registered in 0.000923 seconds.
Begin MonoManager ReloadAssembly
Native extension for WindowsStandalone target not found
Native extension for WebGL target not found
Refreshing native plugins compatible for Editor in 0.36 ms, found 1 plugins.
Preloading 0 native plugins for Editor in 0.00 ms.
Mono: successfully reloaded assembly
- Completed reload, in  0.844 seconds
Platform modules already initialized, skipping
Refreshing native plugins compatible for Editor in 0.37 ms, found 1 plugins.
Preloading 0 native plugins for Editor in 0.00 ms.
Unloading 1821 Unused Serialized files (Serialized files now loaded: 0)
System memory in use before: 90.0 MB.
System memory in use after: 89.9 MB.

Unloading 12 unused Assets to reduce memory usage. Loaded Objects now: 2363.
Total: 2.307300 ms (FindLiveObjects: 0.220800 ms CreateObjectMapping: 0.117400 ms MarkObjects: 1.863100 ms  DeleteObjects: 0.105100 ms)

========================================================================
Received Import Request.
  Time since last request: 572.329699 seconds.
  path: Assets/Scenes/Main Menu.unity
  artifactKey: Guid(206d93be6096b2c438f694bd9651f394) Importer(815301076,1909f56bfc062723c751e8b465ee728b)
Start importing Assets/Scenes/Main Menu.unity using Guid(206d93be6096b2c438f694bd9651f394) Importer(815301076,1909f56bfc062723c751e8b465ee728b)  -> (artifact id: 'f6d9b93effbf67338e6e2efba07a4469') in 0.019350 seconds
  Import took 0.022669 seconds .

========================================================================
Received Prepare
Registering precompiled user dll's ...
Registered in 0.000966 seconds.
Begin MonoManager ReloadAssembly
Native extension for WindowsStandalone target not found
Native extension for WebGL target not found
Refreshing native plugins compatible for Editor in 0.37 ms, found 1 plugins.
Preloading 0 native plugins for Editor in 0.00 ms.
Mono: successfully reloaded assembly
- Completed reload, in  0.862 seconds
Platform modules already initialized, skipping
Refreshing native plugins compatible for Editor in 0.37 ms, found 1 plugins.
Preloading 0 native plugins for Editor in 0.00 ms.
Unloading 1821 Unused Serialized files (Serialized files now loaded: 0)
System memory in use before: 90.0 MB.
System memory in use after: 89.9 MB.

Unloading 12 unused Assets to reduce memory usage. Loaded Objects now: 2367.
Total: 2.018400 ms (FindLiveObjects: 0.230200 ms CreateObjectMapping: 0.080500 ms MarkObjects: 1.597100 ms  DeleteObjects: 0.109500 ms)

========================================================================
Received Import Request.
  Time since last request: 364.499188 seconds.
  path: Assets/Scenes/Game.unity
  artifactKey: Guid(2cda990e2423bbf4892e6590ba056729) Importer(815301076,1909f56bfc062723c751e8b465ee728b)
Start importing Assets/Scenes/Game.unity using Guid(2cda990e2423bbf4892e6590ba056729) Importer(815301076,1909f56bfc062723c751e8b465ee728b)  -> (artifact id: '3500fb6b47748afbd6d4a4f098041c15') in 0.019730 seconds
  Import took 0.023246 seconds .

========================================================================
Received Prepare
Registering precompiled user dll's ...
Registered in 0.000981 seconds.
Begin MonoManager ReloadAssembly
Native extension for WindowsStandalone target not found
Native extension for WebGL target not found
Refreshing native plugins compatible for Editor in 0.37 ms, found 1 plugins.
Preloading 0 native plugins for Editor in 0.00 ms.
Mono: successfully reloaded assembly
- Completed reload, in  0.848 seconds
Platform modules already initialized, skipping
Refreshing native plugins compatible for Editor in 0.69 ms, found 1 plugins.
Preloading 0 native plugins for Editor in 0.00 ms.
Unloading 1821 Unused Serialized files (Serialized files now loaded: 0)
System memory in use before: 90.0 MB.
System memory in use after: 90.0 MB.

Unloading 12 unused Assets to reduce memory usage. Loaded Objects now: 2371.
Total: 2.403600 ms (FindLiveObjects: 0.266100 ms CreateObjectMapping: 0.143400 ms MarkObjects: 1.882100 ms  DeleteObjects: 0.111100 ms)

========================================================================
Received Prepare
Registering precompiled user dll's ...
Registered in 0.001006 seconds.
Begin MonoManager ReloadAssembly
Native extension for WindowsStandalone target not found
Native extension for WebGL target not found
Refreshing native plugins compatible for Editor in 0.35 ms, found 1 plugins.
Preloading 0 native plugins for Editor in 0.00 ms.
Mono: successfully reloaded assembly
- Completed reload, in  0.876 seconds
Platform modules already initialized, skipping
Refreshing native plugins compatible for Editor in 0.36 ms, found 1 plugins.
Preloading 0 native plugins for Editor in 0.00 ms.
Unloading 1821 Unused Serialized files (Serialized files now loaded: 0)
System memory in use before: 90.0 MB.
System memory in use after: 90.0 MB.

Unloading 12 unused Assets to reduce memory usage. Loaded Objects now: 2375.
Total: 2.372300 ms (FindLiveObjects: 0.219000 ms CreateObjectMapping: 0.121500 ms MarkObjects: 1.910300 ms  DeleteObjects: 0.120500 ms)

========================================================================
Received Prepare
Registering precompiled user dll's ...
Registered in 0.001711 seconds.
Begin MonoManager ReloadAssembly
Native extension for WindowsStandalone target not found
Native extension for WebGL target not found
Refreshing native plugins compatible for Editor in 0.62 ms, found 1 plugins.
Preloading 0 native plugins for Editor in 0.00 ms.
Mono: successfully reloaded assembly
- Completed reload, in  0.854 seconds
Platform modules already initialized, skipping
Refreshing native plugins compatible for Editor in 0.38 ms, found 1 plugins.
Preloading 0 native plugins for Editor in 0.00 ms.
Unloading 1821 Unused Serialized files (Serialized files now loaded: 0)
System memory in use before: 90.0 MB.
System memory in use after: 90.0 MB.

Unloading 12 unused Assets to reduce memory usage. Loaded Objects now: 2379.
Total: 2.149800 ms (FindLiveObjects: 0.200600 ms CreateObjectMapping: 0.111600 ms MarkObjects: 1.723600 ms  DeleteObjects: 0.113000 ms)

========================================================================
Received Prepare
Registering precompiled user dll's ...
Registered in 0.000986 seconds.
Begin MonoManager ReloadAssembly
Native extension for WindowsStandalone target not found
Native extension for WebGL target not found
Refreshing native plugins compatible for Editor in 0.37 ms, found 1 plugins.
Preloading 0 native plugins for Editor in 0.00 ms.
Mono: successfully reloaded assembly
- Completed reload, in  0.827 seconds
Platform modules already initialized, skipping
Refreshing native plugins compatible for Editor in 0.36 ms, found 1 plugins.
Preloading 0 native plugins for Editor in 0.00 ms.
Unloading 1821 Unused Serialized files (Serialized files now loaded: 0)
System memory in use before: 90.0 MB.
System memory in use after: 90.0 MB.

Unloading 12 unused Assets to reduce memory usage. Loaded Objects now: 2383.
Total: 2.307200 ms (FindLiveObjects: 0.200800 ms CreateObjectMapping: 0.115000 ms MarkObjects: 1.878500 ms  DeleteObjects: 0.111700 ms)

========================================================================
Received Prepare
Registering precompiled user dll's ...
Registered in 0.001060 seconds.
Begin MonoManager ReloadAssembly
Native extension for WindowsStandalone target not found
Native extension for WebGL target not found
Refreshing native plugins compatible for Editor in 0.39 ms, found 1 plugins.
Preloading 0 native plugins for Editor in 0.00 ms.
Mono: successfully reloaded assembly
- Completed reload, in  0.949 seconds
Platform modules already initialized, skipping
Refreshing native plugins compatible for Editor in 0.38 ms, found 1 plugins.
Preloading 0 native plugins for Editor in 0.00 ms.
Unloading 1821 Unused Serialized files (Serialized files now loaded: 0)
System memory in use before: 90.0 MB.
System memory in use after: 90.0 MB.

Unloading 12 unused Assets to reduce memory usage. Loaded Objects now: 2387.
Total: 2.092900 ms (FindLiveObjects: 0.169400 ms CreateObjectMapping: 0.062200 ms MarkObjects: 1.745100 ms  DeleteObjects: 0.115000 ms)

========================================================================
Received Import Request.
  Time since last request: 366.892991 seconds.
  path: Assets/Prefabs/Obstacle.prefab
  artifactKey: Guid(f09f0a34657f02c4f9394abdd487300c) Importer(815301076,1909f56bfc062723c751e8b465ee728b)
Start importing Assets/Prefabs/Obstacle.prefab using Guid(f09f0a34657f02c4f9394abdd487300c) Importer(815301076,1909f56bfc062723c751e8b465ee728b)  -> (artifact id: 'e6e5b4872bec5f1a1b5f2f6a352ac935') in 0.071729 seconds
  Import took 0.074987 seconds .

========================================================================
Received Import Request.
  Time since last request: 1.956225 seconds.
  path: Assets/Prefabs/Obstacle.prefab
  artifactKey: Guid(f09f0a34657f02c4f9394abdd487300c) Importer(815301076,1909f56bfc062723c751e8b465ee728b)
Start importing Assets/Prefabs/Obstacle.prefab using Guid(f09f0a34657f02c4f9394abdd487300c) Importer(815301076,1909f56bfc062723c751e8b465ee728b)  -> (artifact id: 'e827c415691c6602596dbfe09fbaa52b') in 0.013909 seconds
  Import took 0.016948 seconds .

========================================================================
Received Prepare
Registering precompiled user dll's ...
Registered in 0.001049 seconds.
Begin MonoManager ReloadAssembly
Native extension for WindowsStandalone target not found
Native extension for WebGL target not found
Refreshing native plugins compatible for Editor in 0.37 ms, found 1 plugins.
Preloading 0 native plugins for Editor in 0.00 ms.
Mono: successfully reloaded assembly
- Completed reload, in  0.840 seconds
Platform modules already initialized, skipping
Refreshing native plugins compatible for Editor in 0.42 ms, found 1 plugins.
Preloading 0 native plugins for Editor in 0.00 ms.
Unloading 1821 Unused Serialized files (Serialized files now loaded: 0)
System memory in use before: 90.1 MB.
System memory in use after: 90.0 MB.

Unloading 12 unused Assets to reduce memory usage. Loaded Objects now: 2392.
Total: 1.813700 ms (FindLiveObjects: 0.165600 ms CreateObjectMapping: 0.062900 ms MarkObjects: 1.481500 ms  DeleteObjects: 0.102900 ms)

========================================================================
Received Prepare
Registering precompiled user dll's ...
Registered in 0.001005 seconds.
Begin MonoManager ReloadAssembly
Native extension for WindowsStandalone target not found
Native extension for WebGL target not found
Refreshing native plugins compatible for Editor in 0.37 ms, found 1 plugins.
Preloading 0 native plugins for Editor in 0.00 ms.
Mono: successfully reloaded assembly
- Completed reload, in  0.865 seconds
Platform modules already initialized, skipping
Refreshing native plugins compatible for Editor in 0.36 ms, found 1 plugins.
Preloading 0 native plugins for Editor in 0.00 ms.
Unloading 1821 Unused Serialized files (Serialized files now loaded: 0)
System memory in use before: 90.1 MB.
System memory in use after: 90.0 MB.

Unloading 12 unused Assets to reduce memory usage. Loaded Objects now: 2396.
Total: 2.406600 ms (FindLiveObjects: 0.217400 ms CreateObjectMapping: 0.124800 ms MarkObjects: 1.948100 ms  DeleteObjects: 0.115200 ms)

========================================================================
Received Prepare
Registering precompiled user dll's ...
Registered in 0.001269 seconds.
Begin MonoManager ReloadAssembly
Native extension for WindowsStandalone target not found
Native extension for WebGL target not found
Refreshing native plugins compatible for Editor in 0.36 ms, found 1 plugins.
Preloading 0 native plugins for Editor in 0.00 ms.
Mono: successfully reloaded assembly
- Completed reload, in  0.838 seconds
Platform modules already initialized, skipping
Refreshing native plugins compatible for Editor in 0.36 ms, found 1 plugins.
Preloading 0 native plugins for Editor in 0.00 ms.
Unloading 1821 Unused Serialized files (Serialized files now loaded: 0)
System memory in use before: 90.1 MB.
System memory in use after: 90.1 MB.

Unloading 12 unused Assets to reduce memory usage. Loaded Objects now: 2400.
Total: 2.191300 ms (FindLiveObjects: 0.212500 ms CreateObjectMapping: 0.121300 ms MarkObjects: 1.750800 ms  DeleteObjects: 0.105400 ms)

========================================================================
Received Prepare
Registering precompiled user dll's ...
Registered in 0.001507 seconds.
Begin MonoManager ReloadAssembly
Native extension for WindowsStandalone target not found
Native extension for WebGL target not found
Refreshing native plugins compatible for Editor in 0.35 ms, found 1 plugins.
Preloading 0 native plugins for Editor in 0.00 ms.
Mono: successfully reloaded assembly
- Completed reload, in  0.928 seconds
Platform modules already initialized, skipping
Refreshing native plugins compatible for Editor in 0.36 ms, found 1 plugins.
Preloading 0 native plugins for Editor in 0.00 ms.
Unloading 1821 Unused Serialized files (Serialized files now loaded: 0)
System memory in use before: 90.1 MB.
System memory in use after: 90.1 MB.

Unloading 12 unused Assets to reduce memory usage. Loaded Objects now: 2404.
Total: 2.188900 ms (FindLiveObjects: 0.210900 ms CreateObjectMapping: 0.121300 ms MarkObjects: 1.746300 ms  DeleteObjects: 0.109200 ms)

========================================================================
Received Import Request.
  Time since last request: 931.144739 seconds.
  path: Assets/Aseprite/Character.controller
  artifactKey: Guid(edc39c94815869b4a986b3b9868d806b) Importer(815301076,1909f56bfc062723c751e8b465ee728b)
Start importing Assets/Aseprite/Character.controller using Guid(edc39c94815869b4a986b3b9868d806b) Importer(815301076,1909f56bfc062723c751e8b465ee728b)  -> (artifact id: '72e0c6ab21606c459bb3e76b6957d9a3') in 0.029959 seconds
  Import took 0.033814 seconds .

========================================================================
Received Prepare
Registering precompiled user dll's ...
Registered in 0.000968 seconds.
Begin MonoManager ReloadAssembly
Native extension for WindowsStandalone target not found
Native extension for WebGL target not found
Refreshing native plugins compatible for Editor in 0.36 ms, found 1 plugins.
Preloading 0 native plugins for Editor in 0.00 ms.
Mono: successfully reloaded assembly
- Completed reload, in  0.903 seconds
Platform modules already initialized, skipping
Refreshing native plugins compatible for Editor in 0.36 ms, found 1 plugins.
Preloading 0 native plugins for Editor in 0.00 ms.
Unloading 1821 Unused Serialized files (Serialized files now loaded: 0)
System memory in use before: 90.1 MB.
System memory in use after: 90.1 MB.

Unloading 12 unused Assets to reduce memory usage. Loaded Objects now: 2408.
Total: 2.234800 ms (FindLiveObjects: 0.217300 ms CreateObjectMapping: 0.119000 ms MarkObjects: 1.790200 ms  DeleteObjects: 0.107500 ms)

========================================================================
Received Prepare
Registering precompiled user dll's ...
Registered in 0.001412 seconds.
Begin MonoManager ReloadAssembly
Native extension for WindowsStandalone target not found
Native extension for WebGL target not found
Refreshing native plugins compatible for Editor in 0.48 ms, found 1 plugins.
Preloading 0 native plugins for Editor in 0.00 ms.
Mono: successfully reloaded assembly
- Completed reload, in  0.863 seconds
Platform modules already initialized, skipping
Refreshing native plugins compatible for Editor in 0.37 ms, found 1 plugins.
Preloading 0 native plugins for Editor in 0.00 ms.
Unloading 1821 Unused Serialized files (Serialized files now loaded: 0)
System memory in use before: 90.1 MB.
System memory in use after: 90.1 MB.

Unloading 12 unused Assets to reduce memory usage. Loaded Objects now: 2412.
Total: 2.227600 ms (FindLiveObjects: 0.214300 ms CreateObjectMapping: 0.117000 ms MarkObjects: 1.788500 ms  DeleteObjects: 0.107000 ms)

========================================================================
Received Prepare
Registering precompiled user dll's ...
Registered in 0.001236 seconds.
Begin MonoManager ReloadAssembly
Native extension for WindowsStandalone target not found
Native extension for WebGL target not found
Refreshing native plugins compatible for Editor in 0.40 ms, found 1 plugins.
Preloading 0 native plugins for Editor in 0.00 ms.
Mono: successfully reloaded assembly
- Completed reload, in  0.844 seconds
Platform modules already initialized, skipping
Refreshing native plugins compatible for Editor in 0.37 ms, found 1 plugins.
Preloading 0 native plugins for Editor in 0.00 ms.
Unloading 1821 Unused Serialized files (Serialized files now loaded: 0)
System memory in use before: 90.1 MB.
System memory in use after: 90.1 MB.

Unloading 12 unused Assets to reduce memory usage. Loaded Objects now: 2416.
Total: 2.339100 ms (FindLiveObjects: 0.211200 ms CreateObjectMapping: 0.117800 ms MarkObjects: 1.900000 ms  DeleteObjects: 0.109200 ms)

========================================================================
Received Prepare
Registering precompiled user dll's ...
Registered in 0.003528 seconds.
Begin MonoManager ReloadAssembly
Native extension for WindowsStandalone target not found
Native extension for WebGL target not found
Refreshing native plugins compatible for Editor in 0.38 ms, found 1 plugins.
Preloading 0 native plugins for Editor in 0.00 ms.
Mono: successfully reloaded assembly
- Completed reload, in  0.845 seconds
Platform modules already initialized, skipping
Refreshing native plugins compatible for Editor in 0.36 ms, found 1 plugins.
Preloading 0 native plugins for Editor in 0.00 ms.
Unloading 1821 Unused Serialized files (Serialized files now loaded: 0)
System memory in use before: 90.1 MB.
System memory in use after: 90.1 MB.

Unloading 12 unused Assets to reduce memory usage. Loaded Objects now: 2420.
Total: 2.204400 ms (FindLiveObjects: 0.213700 ms CreateObjectMapping: 0.116500 ms MarkObjects: 1.767300 ms  DeleteObjects: 0.106000 ms)

AssetImportWorkerClient::OnTransportError - code=2 error=End of file
